<?xml version="1.0" encoding="UTF-8"?>
<!-- Generated by org.testng.reporters.JUnitReportReporter -->
<testsuite hostname="Saifuls-MacBook-Pro.local" failures="0" tests="1" name="automation.Test" time="10.068" errors="0" timestamp="2024-04-16T10:19:45 EDT" skipped="0">
  <testcase classname="automation.Test" name="countlinks" time="10.068"/>
</testsuite> <!-- automation.Test -->
